<?xml version="1.0" encoding="UTF-8"?>
<!-- Generated by org.testng.reporters.JUnitReportReporter -->
<testsuite hostname="LAPTOP-UFQMT07D" failures="0" tests="2" name="testCases.LoginTest" time="3.659" errors="0" timestamp="2025-10-27T11:51:24 IST" skipped="0">
  <testcase classname="testCases.LoginTest" name="verify_Login" time="1.474"/>
  <testcase classname="testCases.LoginTest" name="verify_Login" time="2.185"/>
</testsuite> <!-- testCases.LoginTest -->
