<?xml version="1.0" encoding="UTF-8"?>
<!-- Generated by org.testng.reporters.JUnitReportReporter -->
<testsuite hostname="LAPTOP-UFQMT07D" failures="0" tests="2" name="testCases.AccountRegistrationTest" time="4.817" errors="0" timestamp="2025-10-27T11:51:23 IST" skipped="0">
  <testcase classname="testCases.AccountRegistrationTest" name="Register" time="1.934"/>
  <testcase classname="testCases.AccountRegistrationTest" name="Register" time="2.883"/>
</testsuite> <!-- testCases.AccountRegistrationTest -->
