<?xml version="1.0" encoding="UTF-8"?>
<!-- Generated by org.testng.reporters.JUnitReportReporter -->
<testsuite hostname="LAPTOP-UFQMT07D" failures="0" tests="1" name="testCases.AccountRegistrationTest" time="1.823" errors="0" timestamp="2025-10-27T13:24:46 IST" skipped="0">
  <testcase classname="testCases.AccountRegistrationTest" name="Register" time="1.823"/>
</testsuite> <!-- testCases.AccountRegistrationTest -->
