<?xml version="1.0" encoding="UTF-8"?>
<!-- Generated by org.testng.reporters.JUnitReportReporter -->
<testsuite hostname="LAPTOP-UFQMT07D" failures="0" tests="1" name="testCases.LoginTest" time="1.826" errors="0" timestamp="2025-10-27T13:24:46 IST" skipped="0">
  <testcase classname="testCases.LoginTest" name="verify_Login" time="1.826"/>
</testsuite> <!-- testCases.LoginTest -->
